<?xml version="1.0" encoding="UTF-8"?>
<!-- Generated by org.testng.reporters.JUnitXMLReporter -->
<testsuite hostname="Mahesh-13" failures="0" tests="4" name="Test" time="1.04" errors="0" timestamp="28 Jan 2022 11:02:17 GMT">
  <testcase classname="jenkins.MyProject" name="@BeforeTest openurl" time="0.0">
    <failure type="org.openqa.selenium.WebDriverException" message="unknown error: cannot determine loading status
from disconnected: received Inspector.detached event
  (Session info: chrome=97.0.4692.99)
Build info: version: &amp;apos;4.1.1&amp;apos;, revision: &amp;apos;e8fcc2cecf&amp;apos;
System info: host: &amp;apos;MAHESH-13&amp;apos;, ip: &amp;apos;192.168.29.155&amp;apos;, os.name: &amp;apos;Windows 10&amp;apos;, os.arch: &amp;apos;amd64&amp;apos;, os.version: &amp;apos;10.0&amp;apos;, java.version: &amp;apos;15.0.2&amp;apos;
Driver info: org.openqa.selenium.chrome.ChromeDriver
Command: [be0982dc4b4f3557c9ea286a7ab9a25f, get {url=https://www.mercurytravels.co.in/}]
Capabilities {acceptInsecureCerts: false, browserName: chrome, browserVersion: 97.0.4692.99, chrome: {chromedriverVersion: 97.0.4692.71 (adefa7837d02a..., userDataDir: C:\Users\91909\AppData\Loca...}, goog:chromeOptions: {debuggerAddress: localhost:59665}, javascriptEnabled: true, networkConnectionEnabled: false, pageLoadStrategy: normal, platform: WINDOWS, platformName: WINDOWS, proxy: Proxy(), se:cdp: ws://localhost:59665/devtoo..., se:cdpVersion: 97.0.4692.99, setWindowRect: true, strictFileInteractability: false, timeouts: {implicit: 0, pageLoad: 300000, script: 30000}, unhandledPromptBehavior: dismiss and notify, webauthn:extension:credBlob: true, webauthn:extension:largeBlob: true, webauthn:virtualAuthenticators: true}
Session ID: be0982dc4b4f3557c9ea286a7ab9a25f">
      <![CDATA[org.openqa.selenium.WebDriverException: unknown error: cannot determine loading status
from disconnected: received Inspector.detached event
  (Session info: chrome=97.0.4692.99)
Build info: version: '4.1.1', revision: 'e8fcc2cecf'
System info: host: 'MAHESH-13', ip: '192.168.29.155', os.name: 'Windows 10', os.arch: 'amd64', os.version: '10.0', java.version: '15.0.2'
Driver info: org.openqa.selenium.chrome.ChromeDriver
Command: [be0982dc4b4f3557c9ea286a7ab9a25f, get {url=https://www.mercurytravels.co.in/}]
Capabilities {acceptInsecureCerts: false, browserName: chrome, browserVersion: 97.0.4692.99, chrome: {chromedriverVersion: 97.0.4692.71 (adefa7837d02a..., userDataDir: C:\Users\91909\AppData\Loca...}, goog:chromeOptions: {debuggerAddress: localhost:59665}, javascriptEnabled: true, networkConnectionEnabled: false, pageLoadStrategy: normal, platform: WINDOWS, platformName: WINDOWS, proxy: Proxy(), se:cdp: ws://localhost:59665/devtoo..., se:cdpVersion: 97.0.4692.99, setWindowRect: true, strictFileInteractability: false, timeouts: {implicit: 0, pageLoad: 300000, script: 30000}, unhandledPromptBehavior: dismiss and notify, webauthn:extension:credBlob: true, webauthn:extension:largeBlob: true, webauthn:virtualAuthenticators: true}
Session ID: be0982dc4b4f3557c9ea286a7ab9a25f
	at org.openqa.selenium.remote.codec.w3c.W3CHttpResponseCodec.createException(W3CHttpResponseCodec.java:200)
	at org.openqa.selenium.remote.codec.w3c.W3CHttpResponseCodec.decode(W3CHttpResponseCodec.java:133)
	at org.openqa.selenium.remote.codec.w3c.W3CHttpResponseCodec.decode(W3CHttpResponseCodec.java:53)
	at org.openqa.selenium.remote.HttpCommandExecutor.execute(HttpCommandExecutor.java:184)
	at org.openqa.selenium.remote.service.DriverCommandExecutor.invokeExecute(DriverCommandExecutor.java:167)
	at org.openqa.selenium.remote.service.DriverCommandExecutor.execute(DriverCommandExecutor.java:142)
	at org.openqa.selenium.remote.RemoteWebDriver.execute(RemoteWebDriver.java:543)
	at org.openqa.selenium.remote.RemoteWebDriver.get(RemoteWebDriver.java:312)
	at jenkins.MyProject.openurl(MyProject.java:51)
... Removed 28 stack frames]]>
    </failure>
  </testcase> <!-- @BeforeTest openurl -->
  <testcase classname="jenkins.MyProject" name="@BeforeClass windowmaximize" time="0.0">
    <skipped/>
  </testcase> <!-- @BeforeClass windowmaximize -->
  <testcase classname="jenkins.MyProject" name="@BeforeMethod deletecookies" time="0.0">
    <skipped/>
  </testcase> <!-- @BeforeMethod deletecookies -->
  <testcase classname="jenkins.MyProject" name="@AfterMethod screenshot" time="0.0">
    <skipped/>
  </testcase> <!-- @AfterMethod screenshot -->
  <testcase classname="jenkins.MyProject" name="@AfterClass deleteallcookies" time="0.0">
    <skipped/>
  </testcase> <!-- @AfterClass deleteallcookies -->
  <testcase classname="jenkins.MyProject" name="@AfterTest closedbconnection" time="0.0">
    <skipped/>
  </testcase> <!-- @AfterTest closedbconnection -->
  <testcase classname="jenkins.MyProject" name="logintest" time="0.002">
    <skipped/>
  </testcase> <!-- logintest -->
  <testcase classname="jenkins.MyProject" name="logintest" time="0.002">
    <skipped/>
  </testcase> <!-- logintest -->
  <testcase classname="jenkins.MyProject" name="logouttest" time="0.0">
    <skipped/>
  </testcase> <!-- logouttest -->
  <testcase classname="jenkins.MyProject" name="logouttest" time="0.0">
    <skipped/>
  </testcase> <!-- logouttest -->
</testsuite> <!-- Test -->
